0 info it worked if it ends with ok
1 verbose cli [ '/usr/bin/node', '/usr/bin/npm', 'run', 'build' ]
2 info using npm@3.5.2
3 info using node@v8.10.0
4 verbose run-script [ 'prebuild', 'build', 'postbuild' ]
5 info lifecycle markov-chains@1.0.2~prebuild: markov-chains@1.0.2
6 silly lifecycle markov-chains@1.0.2~prebuild: no script for prebuild, continuing
7 info lifecycle markov-chains@1.0.2~build: markov-chains@1.0.2
8 verbose lifecycle markov-chains@1.0.2~build: unsafe-perm in lifecycle true
9 verbose lifecycle markov-chains@1.0.2~build: PATH: /usr/share/npm/bin/node-gyp-bin:/home/oaflopean/PycharmProjects/kwexplorer/markov-chains-master/node_modules/.bin:/home/oaflopean/PycharmProjects/kwexplorer/venv/bin:/home/oaflopean/.local/share/umake/bin:/home/oaflopean/.local/bin:/home/oaflopean/.local/share/umake/bin:/home/oaflopean/.local/bin:/usr/local/sbin:/usr/local/bin:/usr/sbin:/usr/bin:/sbin:/bin:/usr/games:/usr/local/games
10 verbose lifecycle markov-chains@1.0.2~build: CWD: /home/oaflopean/PycharmProjects/kwexplorer/markov-chains-master
11 silly lifecycle markov-chains@1.0.2~build: Args: [ '-c', 'babel src/index.js -o dist/markov-chains.js' ]
12 info lifecycle markov-chains@1.0.2~build: Failed to exec build script
13 verbose stack Error: markov-chains@1.0.2 build: `babel src/index.js -o dist/markov-chains.js`
13 verbose stack spawn ENOENT
13 verbose stack     at ChildProcess.<anonymous> (/usr/share/npm/lib/utils/spawn.js:17:16)
13 verbose stack     at emitTwo (events.js:126:13)
13 verbose stack     at ChildProcess.emit (events.js:214:7)
13 verbose stack     at maybeClose (internal/child_process.js:925:16)
13 verbose stack     at Process.ChildProcess._handle.onexit (internal/child_process.js:209:5)
14 verbose pkgid markov-chains@1.0.2
15 verbose cwd /home/oaflopean/PycharmProjects/kwexplorer/markov-chains-master
16 error Linux 4.15.0-23-generic
17 error argv "/usr/bin/node" "/usr/bin/npm" "run" "build"
18 error node v8.10.0
19 error npm  v3.5.2
20 error file sh
21 error code ELIFECYCLE
22 error errno ENOENT
23 error syscall spawn
24 error markov-chains@1.0.2 build: `babel src/index.js -o dist/markov-chains.js`
24 error spawn ENOENT
25 error Failed at the markov-chains@1.0.2 build script 'babel src/index.js -o dist/markov-chains.js'.
25 error Make sure you have the latest version of node.js and npm installed.
25 error If you do, this is most likely a problem with the markov-chains package,
25 error not with npm itself.
25 error Tell the author that this fails on your system:
25 error     babel src/index.js -o dist/markov-chains.js
25 error You can get information on how to open an issue for this project with:
25 error     npm bugs markov-chains
25 error Or if that isn't available, you can get their info via:
25 error     npm owner ls markov-chains
25 error There is likely additional logging output above.
26 verbose exit [ 1, true ]
